2020-04-10 16:09:31.564 [main] DEBUG com.oym.o2o.O2oApplication - Running with Spring Boot v2.2.4.RELEASE, Spring v5.2.3.RELEASE
2020-04-10 16:10:52.418 [main] DEBUG com.oym.o2o.O2oApplication - Running with Spring Boot v2.2.4.RELEASE, Spring v5.2.3.RELEASE
2020-04-10 16:11:22.365 [main] DEBUG com.oym.o2o.O2oApplication - Running with Spring Boot v2.2.4.RELEASE, Spring v5.2.3.RELEASE
2020-04-10 16:11:47.366 [http-nio-8080-exec-4] DEBUG com.oym.o2o.dao.ShopDao.queryShopList - ==>  Preparing: SELECT s.shop_id, s.shop_name, s.shop_desc, s.shop_addr, s.phone, s.shop_img, s.priority, s.create_time, s.last_edit_time, s.enable_status, s.advice, a.area_id, a.area_name, sc.shop_category_id, sc.shop_category_name FROM tb_shop s, tb_area a, tb_shop_category sc WHERE s.shop_category_id IN (SELECT shop_category_id FROM tb_shop_category WHERE parent_id = ?) AND s.enable_status = ? AND s.area_id = a.area_id AND s.shop_category_id = sc.shop_category_id ORDER BY s.priority DESC LIMIT ?,?; 
2020-04-10 16:11:47.400 [http-nio-8080-exec-4] DEBUG com.oym.o2o.dao.ShopDao.queryShopList - ==> Parameters: 1(Long), 1(Integer), 0(Integer), 4(Integer)
2020-04-10 16:11:47.431 [http-nio-8080-exec-4] DEBUG com.oym.o2o.dao.ShopDao.queryShopList - <==      Total: 2
2020-04-10 16:11:47.435 [http-nio-8080-exec-4] DEBUG com.oym.o2o.dao.ShopDao.queryShopCount - ==>  Preparing: SELECT count(1) FROM tb_shop s, tb_area a, tb_shop_category sc WHERE s.shop_category_id IN (SELECT shop_category_id FROM tb_shop_category WHERE parent_id = ?) AND s.enable_status = ? AND s.area_id = a.area_id AND s.shop_category_id = sc.shop_category_id 
2020-04-10 16:11:47.436 [http-nio-8080-exec-4] DEBUG com.oym.o2o.dao.ShopDao.queryShopCount - ==> Parameters: 1(Long), 1(Integer)
2020-04-10 16:11:47.437 [http-nio-8080-exec-4] DEBUG com.oym.o2o.dao.ShopDao.queryShopCount - <==      Total: 1
2020-04-10 16:11:51.226 [http-nio-8080-exec-1] DEBUG com.oym.o2o.dao.ShopDao.queryByShopId - ==>  Preparing: SELECT s.shop_id, s.shop_name, s.shop_desc, s.shop_addr, s.phone, s.shop_img, s.priority, s.create_time, s.last_edit_time, s.enable_status, s.advice, a.area_id, a.area_name, sc.shop_category_id, sc.shop_category_name FROM tb_shop s, tb_area a, tb_shop_category sc WHERE s.area_id = a.area_id AND s.shop_category_id = sc.shop_category_id AND s.shop_id = ? 
2020-04-10 16:11:51.227 [http-nio-8080-exec-1] DEBUG com.oym.o2o.dao.ShopDao.queryByShopId - ==> Parameters: 21(Long)
2020-04-10 16:11:51.234 [http-nio-8080-exec-6] DEBUG com.oym.o2o.dao.ProductDao.queryProductList - ==>  Preparing: SELECT product_id, product_name, product_desc, img_addr, normal_price, promotion_price, priority, point, create_time, last_edit_time, enable_status, product_category_id, shop_id FROM tb_product WHERE shop_id = ? AND enable_status = ? ORDER BY priority DESC LIMIT ?,?; 
2020-04-10 16:11:51.235 [http-nio-8080-exec-6] DEBUG com.oym.o2o.dao.ProductDao.queryProductList - ==> Parameters: 21(Long), 1(Integer), 0(Integer), 3(Integer)
2020-04-10 16:11:51.239 [http-nio-8080-exec-6] DEBUG com.oym.o2o.dao.ProductDao.queryProductList - <==      Total: 3
2020-04-10 16:11:51.239 [http-nio-8080-exec-6] DEBUG com.oym.o2o.dao.ProductDao.queryProductCount - ==>  Preparing: SELECT count(1) FROM tb_product WHERE shop_id = ? AND enable_status = ? 
2020-04-10 16:11:51.240 [http-nio-8080-exec-6] DEBUG com.oym.o2o.dao.ProductDao.queryProductCount - ==> Parameters: 21(Long), 1(Integer)
2020-04-10 16:11:51.241 [http-nio-8080-exec-6] DEBUG com.oym.o2o.dao.ProductDao.queryProductCount - <==      Total: 1
2020-04-10 16:11:51.246 [http-nio-8080-exec-1] DEBUG com.oym.o2o.dao.ShopDao.queryByShopId - <==      Total: 1
2020-04-10 16:11:51.248 [http-nio-8080-exec-1] DEBUG c.o.o.d.P.queryProductCategoryList - ==>  Preparing: SELECT product_category_id, product_category_name, priority, create_time, shop_id FROM tb_product_category WHERE shop_id = ? ORDER BY priority DESC 
2020-04-10 16:11:51.249 [http-nio-8080-exec-1] DEBUG c.o.o.d.P.queryProductCategoryList - ==> Parameters: 21(Long)
2020-04-10 16:11:51.254 [http-nio-8080-exec-1] DEBUG c.o.o.d.P.queryProductCategoryList - <==      Total: 5
2020-04-10 16:11:52.273 [http-nio-8080-exec-2] DEBUG com.oym.o2o.dao.ProductDao.queryProductList - ==>  Preparing: SELECT product_id, product_name, product_desc, img_addr, normal_price, promotion_price, priority, point, create_time, last_edit_time, enable_status, product_category_id, shop_id FROM tb_product WHERE shop_id = ? AND enable_status = ? ORDER BY priority DESC LIMIT ?,?; 
2020-04-10 16:11:52.273 [http-nio-8080-exec-2] DEBUG com.oym.o2o.dao.ProductDao.queryProductList - ==> Parameters: 21(Long), 1(Integer), 3(Integer), 3(Integer)
2020-04-10 16:11:52.275 [http-nio-8080-exec-2] DEBUG com.oym.o2o.dao.ProductDao.queryProductList - <==      Total: 3
2020-04-10 16:11:52.276 [http-nio-8080-exec-2] DEBUG com.oym.o2o.dao.ProductDao.queryProductCount - ==>  Preparing: SELECT count(1) FROM tb_product WHERE shop_id = ? AND enable_status = ? 
2020-04-10 16:11:52.276 [http-nio-8080-exec-2] DEBUG com.oym.o2o.dao.ProductDao.queryProductCount - ==> Parameters: 21(Long), 1(Integer)
2020-04-10 16:11:52.277 [http-nio-8080-exec-2] DEBUG com.oym.o2o.dao.ProductDao.queryProductCount - <==      Total: 1
2020-04-10 16:11:52.920 [http-nio-8080-exec-8] DEBUG com.oym.o2o.dao.ProductDao.queryProductList - ==>  Preparing: SELECT product_id, product_name, product_desc, img_addr, normal_price, promotion_price, priority, point, create_time, last_edit_time, enable_status, product_category_id, shop_id FROM tb_product WHERE shop_id = ? AND enable_status = ? ORDER BY priority DESC LIMIT ?,?; 
2020-04-10 16:11:52.921 [http-nio-8080-exec-8] DEBUG com.oym.o2o.dao.ProductDao.queryProductList - ==> Parameters: 21(Long), 1(Integer), 6(Integer), 3(Integer)
2020-04-10 16:11:52.922 [http-nio-8080-exec-8] DEBUG com.oym.o2o.dao.ProductDao.queryProductList - <==      Total: 0
2020-04-10 16:11:52.922 [http-nio-8080-exec-8] DEBUG com.oym.o2o.dao.ProductDao.queryProductCount - ==>  Preparing: SELECT count(1) FROM tb_product WHERE shop_id = ? AND enable_status = ? 
2020-04-10 16:11:52.923 [http-nio-8080-exec-8] DEBUG com.oym.o2o.dao.ProductDao.queryProductCount - ==> Parameters: 21(Long), 1(Integer)
2020-04-10 16:11:52.924 [http-nio-8080-exec-8] DEBUG com.oym.o2o.dao.ProductDao.queryProductCount - <==      Total: 1
2020-04-10 16:11:52.936 [http-nio-8080-exec-5] DEBUG com.oym.o2o.dao.ProductDao.queryProductList - ==>  Preparing: SELECT product_id, product_name, product_desc, img_addr, normal_price, promotion_price, priority, point, create_time, last_edit_time, enable_status, product_category_id, shop_id FROM tb_product WHERE shop_id = ? AND enable_status = ? ORDER BY priority DESC LIMIT ?,?; 
2020-04-10 16:11:52.937 [http-nio-8080-exec-5] DEBUG com.oym.o2o.dao.ProductDao.queryProductList - ==> Parameters: 21(Long), 1(Integer), 9(Integer), 3(Integer)
2020-04-10 16:11:52.938 [http-nio-8080-exec-5] DEBUG com.oym.o2o.dao.ProductDao.queryProductList - <==      Total: 0
2020-04-10 16:11:52.938 [http-nio-8080-exec-5] DEBUG com.oym.o2o.dao.ProductDao.queryProductCount - ==>  Preparing: SELECT count(1) FROM tb_product WHERE shop_id = ? AND enable_status = ? 
2020-04-10 16:11:52.938 [http-nio-8080-exec-5] DEBUG com.oym.o2o.dao.ProductDao.queryProductCount - ==> Parameters: 21(Long), 1(Integer)
2020-04-10 16:11:52.939 [http-nio-8080-exec-5] DEBUG com.oym.o2o.dao.ProductDao.queryProductCount - <==      Total: 1
2020-04-10 16:11:52.968 [http-nio-8080-exec-7] DEBUG com.oym.o2o.dao.ProductDao.queryProductList - ==>  Preparing: SELECT product_id, product_name, product_desc, img_addr, normal_price, promotion_price, priority, point, create_time, last_edit_time, enable_status, product_category_id, shop_id FROM tb_product WHERE shop_id = ? AND enable_status = ? ORDER BY priority DESC LIMIT ?,?; 
2020-04-10 16:11:52.969 [http-nio-8080-exec-7] DEBUG com.oym.o2o.dao.ProductDao.queryProductList - ==> Parameters: 21(Long), 1(Integer), 12(Integer), 3(Integer)
2020-04-10 16:11:52.970 [http-nio-8080-exec-7] DEBUG com.oym.o2o.dao.ProductDao.queryProductList - <==      Total: 0
2020-04-10 16:11:52.971 [http-nio-8080-exec-7] DEBUG com.oym.o2o.dao.ProductDao.queryProductCount - ==>  Preparing: SELECT count(1) FROM tb_product WHERE shop_id = ? AND enable_status = ? 
2020-04-10 16:11:52.971 [http-nio-8080-exec-7] DEBUG com.oym.o2o.dao.ProductDao.queryProductCount - ==> Parameters: 21(Long), 1(Integer)
2020-04-10 16:11:52.972 [http-nio-8080-exec-7] DEBUG com.oym.o2o.dao.ProductDao.queryProductCount - <==      Total: 1
2020-04-10 16:11:53.486 [http-nio-8080-exec-6] DEBUG com.oym.o2o.dao.ProductDao.queryProductList - ==>  Preparing: SELECT product_id, product_name, product_desc, img_addr, normal_price, promotion_price, priority, point, create_time, last_edit_time, enable_status, product_category_id, shop_id FROM tb_product WHERE shop_id = ? AND enable_status = ? ORDER BY priority DESC LIMIT ?,?; 
2020-04-10 16:11:53.487 [http-nio-8080-exec-6] DEBUG com.oym.o2o.dao.ProductDao.queryProductList - ==> Parameters: 21(Long), 1(Integer), 15(Integer), 3(Integer)
2020-04-10 16:11:53.488 [http-nio-8080-exec-6] DEBUG com.oym.o2o.dao.ProductDao.queryProductList - <==      Total: 0
2020-04-10 16:11:53.489 [http-nio-8080-exec-6] DEBUG com.oym.o2o.dao.ProductDao.queryProductCount - ==>  Preparing: SELECT count(1) FROM tb_product WHERE shop_id = ? AND enable_status = ? 
2020-04-10 16:11:53.489 [http-nio-8080-exec-6] DEBUG com.oym.o2o.dao.ProductDao.queryProductCount - ==> Parameters: 21(Long), 1(Integer)
2020-04-10 16:11:53.491 [http-nio-8080-exec-6] DEBUG com.oym.o2o.dao.ProductDao.queryProductCount - <==      Total: 1
2020-04-10 16:11:53.502 [http-nio-8080-exec-1] DEBUG com.oym.o2o.dao.ProductDao.queryProductList - ==>  Preparing: SELECT product_id, product_name, product_desc, img_addr, normal_price, promotion_price, priority, point, create_time, last_edit_time, enable_status, product_category_id, shop_id FROM tb_product WHERE shop_id = ? AND enable_status = ? ORDER BY priority DESC LIMIT ?,?; 
2020-04-10 16:11:53.503 [http-nio-8080-exec-1] DEBUG com.oym.o2o.dao.ProductDao.queryProductList - ==> Parameters: 21(Long), 1(Integer), 18(Integer), 3(Integer)
2020-04-10 16:11:53.504 [http-nio-8080-exec-1] DEBUG com.oym.o2o.dao.ProductDao.queryProductList - <==      Total: 0
2020-04-10 16:11:53.504 [http-nio-8080-exec-1] DEBUG com.oym.o2o.dao.ProductDao.queryProductCount - ==>  Preparing: SELECT count(1) FROM tb_product WHERE shop_id = ? AND enable_status = ? 
2020-04-10 16:11:53.504 [http-nio-8080-exec-1] DEBUG com.oym.o2o.dao.ProductDao.queryProductCount - ==> Parameters: 21(Long), 1(Integer)
2020-04-10 16:11:53.505 [http-nio-8080-exec-1] DEBUG com.oym.o2o.dao.ProductDao.queryProductCount - <==      Total: 1
2020-04-10 16:11:53.519 [http-nio-8080-exec-4] DEBUG com.oym.o2o.dao.ProductDao.queryProductList - ==>  Preparing: SELECT product_id, product_name, product_desc, img_addr, normal_price, promotion_price, priority, point, create_time, last_edit_time, enable_status, product_category_id, shop_id FROM tb_product WHERE shop_id = ? AND enable_status = ? ORDER BY priority DESC LIMIT ?,?; 
2020-04-10 16:11:53.520 [http-nio-8080-exec-4] DEBUG com.oym.o2o.dao.ProductDao.queryProductList - ==> Parameters: 21(Long), 1(Integer), 21(Integer), 3(Integer)
2020-04-10 16:11:53.521 [http-nio-8080-exec-4] DEBUG com.oym.o2o.dao.ProductDao.queryProductList - <==      Total: 0
2020-04-10 16:11:53.521 [http-nio-8080-exec-4] DEBUG com.oym.o2o.dao.ProductDao.queryProductCount - ==>  Preparing: SELECT count(1) FROM tb_product WHERE shop_id = ? AND enable_status = ? 
2020-04-10 16:11:53.522 [http-nio-8080-exec-4] DEBUG com.oym.o2o.dao.ProductDao.queryProductCount - ==> Parameters: 21(Long), 1(Integer)
2020-04-10 16:11:53.523 [http-nio-8080-exec-4] DEBUG com.oym.o2o.dao.ProductDao.queryProductCount - <==      Total: 1
2020-04-10 16:11:53.536 [http-nio-8080-exec-10] DEBUG com.oym.o2o.dao.ProductDao.queryProductList - ==>  Preparing: SELECT product_id, product_name, product_desc, img_addr, normal_price, promotion_price, priority, point, create_time, last_edit_time, enable_status, product_category_id, shop_id FROM tb_product WHERE shop_id = ? AND enable_status = ? ORDER BY priority DESC LIMIT ?,?; 
2020-04-10 16:11:53.536 [http-nio-8080-exec-10] DEBUG com.oym.o2o.dao.ProductDao.queryProductList - ==> Parameters: 21(Long), 1(Integer), 24(Integer), 3(Integer)
2020-04-10 16:11:53.537 [http-nio-8080-exec-10] DEBUG com.oym.o2o.dao.ProductDao.queryProductList - <==      Total: 0
2020-04-10 16:11:53.538 [http-nio-8080-exec-10] DEBUG com.oym.o2o.dao.ProductDao.queryProductCount - ==>  Preparing: SELECT count(1) FROM tb_product WHERE shop_id = ? AND enable_status = ? 
2020-04-10 16:11:53.538 [http-nio-8080-exec-10] DEBUG com.oym.o2o.dao.ProductDao.queryProductCount - ==> Parameters: 21(Long), 1(Integer)
2020-04-10 16:11:53.539 [http-nio-8080-exec-10] DEBUG com.oym.o2o.dao.ProductDao.queryProductCount - <==      Total: 1
2020-04-10 16:11:53.553 [http-nio-8080-exec-3] DEBUG com.oym.o2o.dao.ProductDao.queryProductList - ==>  Preparing: SELECT product_id, product_name, product_desc, img_addr, normal_price, promotion_price, priority, point, create_time, last_edit_time, enable_status, product_category_id, shop_id FROM tb_product WHERE shop_id = ? AND enable_status = ? ORDER BY priority DESC LIMIT ?,?; 
2020-04-10 16:11:53.553 [http-nio-8080-exec-3] DEBUG com.oym.o2o.dao.ProductDao.queryProductList - ==> Parameters: 21(Long), 1(Integer), 27(Integer), 3(Integer)
2020-04-10 16:11:53.554 [http-nio-8080-exec-3] DEBUG com.oym.o2o.dao.ProductDao.queryProductList - <==      Total: 0
2020-04-10 16:11:53.555 [http-nio-8080-exec-3] DEBUG com.oym.o2o.dao.ProductDao.queryProductCount - ==>  Preparing: SELECT count(1) FROM tb_product WHERE shop_id = ? AND enable_status = ? 
2020-04-10 16:11:53.555 [http-nio-8080-exec-3] DEBUG com.oym.o2o.dao.ProductDao.queryProductCount - ==> Parameters: 21(Long), 1(Integer)
2020-04-10 16:11:53.556 [http-nio-8080-exec-3] DEBUG com.oym.o2o.dao.ProductDao.queryProductCount - <==      Total: 1
2020-04-10 16:11:53.569 [http-nio-8080-exec-2] DEBUG com.oym.o2o.dao.ProductDao.queryProductList - ==>  Preparing: SELECT product_id, product_name, product_desc, img_addr, normal_price, promotion_price, priority, point, create_time, last_edit_time, enable_status, product_category_id, shop_id FROM tb_product WHERE shop_id = ? AND enable_status = ? ORDER BY priority DESC LIMIT ?,?; 
2020-04-10 16:11:53.570 [http-nio-8080-exec-2] DEBUG com.oym.o2o.dao.ProductDao.queryProductList - ==> Parameters: 21(Long), 1(Integer), 30(Integer), 3(Integer)
2020-04-10 16:11:53.571 [http-nio-8080-exec-2] DEBUG com.oym.o2o.dao.ProductDao.queryProductList - <==      Total: 0
2020-04-10 16:11:53.571 [http-nio-8080-exec-2] DEBUG com.oym.o2o.dao.ProductDao.queryProductCount - ==>  Preparing: SELECT count(1) FROM tb_product WHERE shop_id = ? AND enable_status = ? 
2020-04-10 16:11:53.572 [http-nio-8080-exec-2] DEBUG com.oym.o2o.dao.ProductDao.queryProductCount - ==> Parameters: 21(Long), 1(Integer)
2020-04-10 16:11:53.572 [http-nio-8080-exec-2] DEBUG com.oym.o2o.dao.ProductDao.queryProductCount - <==      Total: 1
2020-04-10 16:11:53.586 [http-nio-8080-exec-9] DEBUG com.oym.o2o.dao.ProductDao.queryProductList - ==>  Preparing: SELECT product_id, product_name, product_desc, img_addr, normal_price, promotion_price, priority, point, create_time, last_edit_time, enable_status, product_category_id, shop_id FROM tb_product WHERE shop_id = ? AND enable_status = ? ORDER BY priority DESC LIMIT ?,?; 
2020-04-10 16:11:53.586 [http-nio-8080-exec-9] DEBUG com.oym.o2o.dao.ProductDao.queryProductList - ==> Parameters: 21(Long), 1(Integer), 33(Integer), 3(Integer)
2020-04-10 16:11:53.587 [http-nio-8080-exec-9] DEBUG com.oym.o2o.dao.ProductDao.queryProductList - <==      Total: 0
2020-04-10 16:11:53.588 [http-nio-8080-exec-9] DEBUG com.oym.o2o.dao.ProductDao.queryProductCount - ==>  Preparing: SELECT count(1) FROM tb_product WHERE shop_id = ? AND enable_status = ? 
2020-04-10 16:11:53.588 [http-nio-8080-exec-9] DEBUG com.oym.o2o.dao.ProductDao.queryProductCount - ==> Parameters: 21(Long), 1(Integer)
2020-04-10 16:11:53.589 [http-nio-8080-exec-9] DEBUG com.oym.o2o.dao.ProductDao.queryProductCount - <==      Total: 1
2020-04-10 16:11:53.603 [http-nio-8080-exec-8] DEBUG com.oym.o2o.dao.ProductDao.queryProductList - ==>  Preparing: SELECT product_id, product_name, product_desc, img_addr, normal_price, promotion_price, priority, point, create_time, last_edit_time, enable_status, product_category_id, shop_id FROM tb_product WHERE shop_id = ? AND enable_status = ? ORDER BY priority DESC LIMIT ?,?; 
2020-04-10 16:11:53.603 [http-nio-8080-exec-8] DEBUG com.oym.o2o.dao.ProductDao.queryProductList - ==> Parameters: 21(Long), 1(Integer), 36(Integer), 3(Integer)
2020-04-10 16:11:53.604 [http-nio-8080-exec-8] DEBUG com.oym.o2o.dao.ProductDao.queryProductList - <==      Total: 0
2020-04-10 16:11:53.605 [http-nio-8080-exec-8] DEBUG com.oym.o2o.dao.ProductDao.queryProductCount - ==>  Preparing: SELECT count(1) FROM tb_product WHERE shop_id = ? AND enable_status = ? 
2020-04-10 16:11:53.605 [http-nio-8080-exec-8] DEBUG com.oym.o2o.dao.ProductDao.queryProductCount - ==> Parameters: 21(Long), 1(Integer)
2020-04-10 16:11:53.606 [http-nio-8080-exec-8] DEBUG com.oym.o2o.dao.ProductDao.queryProductCount - <==      Total: 1
2020-04-10 16:11:53.620 [http-nio-8080-exec-5] DEBUG com.oym.o2o.dao.ProductDao.queryProductList - ==>  Preparing: SELECT product_id, product_name, product_desc, img_addr, normal_price, promotion_price, priority, point, create_time, last_edit_time, enable_status, product_category_id, shop_id FROM tb_product WHERE shop_id = ? AND enable_status = ? ORDER BY priority DESC LIMIT ?,?; 
2020-04-10 16:11:53.621 [http-nio-8080-exec-5] DEBUG com.oym.o2o.dao.ProductDao.queryProductList - ==> Parameters: 21(Long), 1(Integer), 39(Integer), 3(Integer)
2020-04-10 16:11:53.622 [http-nio-8080-exec-5] DEBUG com.oym.o2o.dao.ProductDao.queryProductList - <==      Total: 0
2020-04-10 16:11:53.623 [http-nio-8080-exec-5] DEBUG com.oym.o2o.dao.ProductDao.queryProductCount - ==>  Preparing: SELECT count(1) FROM tb_product WHERE shop_id = ? AND enable_status = ? 
2020-04-10 16:11:53.623 [http-nio-8080-exec-5] DEBUG com.oym.o2o.dao.ProductDao.queryProductCount - ==> Parameters: 21(Long), 1(Integer)
2020-04-10 16:11:53.624 [http-nio-8080-exec-5] DEBUG com.oym.o2o.dao.ProductDao.queryProductCount - <==      Total: 1
2020-04-10 16:11:53.636 [http-nio-8080-exec-7] DEBUG com.oym.o2o.dao.ProductDao.queryProductList - ==>  Preparing: SELECT product_id, product_name, product_desc, img_addr, normal_price, promotion_price, priority, point, create_time, last_edit_time, enable_status, product_category_id, shop_id FROM tb_product WHERE shop_id = ? AND enable_status = ? ORDER BY priority DESC LIMIT ?,?; 
2020-04-10 16:11:53.637 [http-nio-8080-exec-7] DEBUG com.oym.o2o.dao.ProductDao.queryProductList - ==> Parameters: 21(Long), 1(Integer), 42(Integer), 3(Integer)
2020-04-10 16:11:53.638 [http-nio-8080-exec-7] DEBUG com.oym.o2o.dao.ProductDao.queryProductList - <==      Total: 0
2020-04-10 16:11:53.638 [http-nio-8080-exec-7] DEBUG com.oym.o2o.dao.ProductDao.queryProductCount - ==>  Preparing: SELECT count(1) FROM tb_product WHERE shop_id = ? AND enable_status = ? 
2020-04-10 16:11:53.638 [http-nio-8080-exec-7] DEBUG com.oym.o2o.dao.ProductDao.queryProductCount - ==> Parameters: 21(Long), 1(Integer)
2020-04-10 16:11:53.639 [http-nio-8080-exec-7] DEBUG com.oym.o2o.dao.ProductDao.queryProductCount - <==      Total: 1
2020-04-10 16:11:53.653 [http-nio-8080-exec-6] DEBUG com.oym.o2o.dao.ProductDao.queryProductList - ==>  Preparing: SELECT product_id, product_name, product_desc, img_addr, normal_price, promotion_price, priority, point, create_time, last_edit_time, enable_status, product_category_id, shop_id FROM tb_product WHERE shop_id = ? AND enable_status = ? ORDER BY priority DESC LIMIT ?,?; 
2020-04-10 16:11:53.653 [http-nio-8080-exec-6] DEBUG com.oym.o2o.dao.ProductDao.queryProductList - ==> Parameters: 21(Long), 1(Integer), 45(Integer), 3(Integer)
2020-04-10 16:11:53.654 [http-nio-8080-exec-6] DEBUG com.oym.o2o.dao.ProductDao.queryProductList - <==      Total: 0
2020-04-10 16:11:53.655 [http-nio-8080-exec-6] DEBUG com.oym.o2o.dao.ProductDao.queryProductCount - ==>  Preparing: SELECT count(1) FROM tb_product WHERE shop_id = ? AND enable_status = ? 
2020-04-10 16:11:53.655 [http-nio-8080-exec-6] DEBUG com.oym.o2o.dao.ProductDao.queryProductCount - ==> Parameters: 21(Long), 1(Integer)
2020-04-10 16:11:53.656 [http-nio-8080-exec-6] DEBUG com.oym.o2o.dao.ProductDao.queryProductCount - <==      Total: 1
2020-04-10 16:11:53.883 [http-nio-8080-exec-1] DEBUG com.oym.o2o.dao.ProductDao.queryProductList - ==>  Preparing: SELECT product_id, product_name, product_desc, img_addr, normal_price, promotion_price, priority, point, create_time, last_edit_time, enable_status, product_category_id, shop_id FROM tb_product WHERE shop_id = ? AND enable_status = ? ORDER BY priority DESC LIMIT ?,?; 
2020-04-10 16:11:53.883 [http-nio-8080-exec-1] DEBUG com.oym.o2o.dao.ProductDao.queryProductList - ==> Parameters: 21(Long), 1(Integer), 48(Integer), 3(Integer)
2020-04-10 16:11:53.884 [http-nio-8080-exec-1] DEBUG com.oym.o2o.dao.ProductDao.queryProductList - <==      Total: 0
2020-04-10 16:11:53.885 [http-nio-8080-exec-1] DEBUG com.oym.o2o.dao.ProductDao.queryProductCount - ==>  Preparing: SELECT count(1) FROM tb_product WHERE shop_id = ? AND enable_status = ? 
2020-04-10 16:11:53.885 [http-nio-8080-exec-1] DEBUG com.oym.o2o.dao.ProductDao.queryProductCount - ==> Parameters: 21(Long), 1(Integer)
2020-04-10 16:11:53.886 [http-nio-8080-exec-1] DEBUG com.oym.o2o.dao.ProductDao.queryProductCount - <==      Total: 1
2020-04-10 16:11:53.902 [http-nio-8080-exec-4] DEBUG com.oym.o2o.dao.ProductDao.queryProductList - ==>  Preparing: SELECT product_id, product_name, product_desc, img_addr, normal_price, promotion_price, priority, point, create_time, last_edit_time, enable_status, product_category_id, shop_id FROM tb_product WHERE shop_id = ? AND enable_status = ? ORDER BY priority DESC LIMIT ?,?; 
2020-04-10 16:11:53.903 [http-nio-8080-exec-4] DEBUG com.oym.o2o.dao.ProductDao.queryProductList - ==> Parameters: 21(Long), 1(Integer), 51(Integer), 3(Integer)
2020-04-10 16:11:53.904 [http-nio-8080-exec-4] DEBUG com.oym.o2o.dao.ProductDao.queryProductList - <==      Total: 0
2020-04-10 16:11:53.904 [http-nio-8080-exec-4] DEBUG com.oym.o2o.dao.ProductDao.queryProductCount - ==>  Preparing: SELECT count(1) FROM tb_product WHERE shop_id = ? AND enable_status = ? 
2020-04-10 16:11:53.904 [http-nio-8080-exec-4] DEBUG com.oym.o2o.dao.ProductDao.queryProductCount - ==> Parameters: 21(Long), 1(Integer)
2020-04-10 16:11:53.906 [http-nio-8080-exec-4] DEBUG com.oym.o2o.dao.ProductDao.queryProductCount - <==      Total: 1
2020-04-10 16:11:53.923 [http-nio-8080-exec-10] DEBUG com.oym.o2o.dao.ProductDao.queryProductList - ==>  Preparing: SELECT product_id, product_name, product_desc, img_addr, normal_price, promotion_price, priority, point, create_time, last_edit_time, enable_status, product_category_id, shop_id FROM tb_product WHERE shop_id = ? AND enable_status = ? ORDER BY priority DESC LIMIT ?,?; 
2020-04-10 16:11:53.923 [http-nio-8080-exec-10] DEBUG com.oym.o2o.dao.ProductDao.queryProductList - ==> Parameters: 21(Long), 1(Integer), 54(Integer), 3(Integer)
2020-04-10 16:11:53.924 [http-nio-8080-exec-10] DEBUG com.oym.o2o.dao.ProductDao.queryProductList - <==      Total: 0
2020-04-10 16:11:53.925 [http-nio-8080-exec-10] DEBUG com.oym.o2o.dao.ProductDao.queryProductCount - ==>  Preparing: SELECT count(1) FROM tb_product WHERE shop_id = ? AND enable_status = ? 
2020-04-10 16:11:53.925 [http-nio-8080-exec-10] DEBUG com.oym.o2o.dao.ProductDao.queryProductCount - ==> Parameters: 21(Long), 1(Integer)
2020-04-10 16:11:53.926 [http-nio-8080-exec-10] DEBUG com.oym.o2o.dao.ProductDao.queryProductCount - <==      Total: 1
2020-04-10 16:11:57.408 [http-nio-8080-exec-8] DEBUG com.oym.o2o.dao.ProductDao.queryProductById - ==>  Preparing: SELECT p.product_id, p.product_name, p.product_desc, p.img_addr, p.normal_price, p.promotion_price, p.priority, p.point, p.create_time, p.last_edit_time, p.enable_status, p.product_category_id, p.shop_id, pm.product_img_id, pm.img_addr AS detail_img, pm.img_desc, pm.priority, pm.create_time FROM tb_product p LEFT JOIN tb_product_img pm ON p.product_id = pm.product_id WHERE p.product_id = ? ORDER BY pm.priority DESC 
2020-04-10 16:11:57.409 [http-nio-8080-exec-8] DEBUG com.oym.o2o.dao.ProductDao.queryProductById - ==> Parameters: 5(Long)
2020-04-10 16:11:57.412 [http-nio-8080-exec-8] DEBUG com.oym.o2o.dao.ProductDao.queryProductById - <==      Total: 2
2020-04-10 16:14:12.822 [main] DEBUG com.oym.o2o.O2oApplication - Running with Spring Boot v2.2.4.RELEASE, Spring v5.2.3.RELEASE
2020-04-10 16:15:27.843 [http-nio-8080-exec-10] DEBUG c.o.o.dao.LocalAuthDao.queryLocalByUserNameAndPwd - ==>  Preparing: SELECT l.local_auth_id, l.username, l.password, l.create_time, l.last_edit_time, p.user_id, p.name, p.gender, p.email, p.profile_img, p.user_type, p.create_time, p.last_edit_time, p.enable_status FROM tb_local_auth l LEFT JOIN tb_person_info p ON l.user_id = p.user_id WHERE l.username = ? AND l.password = ? 
2020-04-10 16:15:27.862 [http-nio-8080-exec-10] DEBUG c.o.o.dao.LocalAuthDao.queryLocalByUserNameAndPwd - ==> Parameters: 123456(String), s05bse6q2qlb9qblls96s592y55y556s(String)
2020-04-10 16:15:27.878 [http-nio-8080-exec-10] DEBUG c.o.o.dao.LocalAuthDao.queryLocalByUserNameAndPwd - <==      Total: 1
2020-04-10 16:15:32.740 [http-nio-8080-exec-3] DEBUG c.o.o.d.UserProductMapDao.queryUserProductMapList - ==>  Preparing: SELECT upm.user_product_id, upm.create_time, upm.point, buyer.user_id, buyer.name, s.shop_id, s.shop_name, p.product_id, p.product_name, operator.user_id AS operator_id, operator.name AS operator_name FROM tb_user_product_map upm, tb_person_info buyer, tb_shop s, tb_product p, tb_person_info operator WHERE upm.user_id = buyer.user_id AND upm.shop_id = s.shop_id AND upm.product_id = p.product_id AND upm.operator_id = operator.user_id AND upm.user_id = ? AND buyer.name LIKE '%鸣哥%' ORDER BY upm.create_time DESC LIMIT ?,?; 
2020-04-10 16:15:32.741 [http-nio-8080-exec-3] DEBUG c.o.o.d.UserProductMapDao.queryUserProductMapList - ==> Parameters: 1(Long), 0(Integer), 10(Integer)
2020-04-10 16:15:32.748 [http-nio-8080-exec-3] DEBUG c.o.o.d.UserProductMapDao.queryUserProductMapList - <==      Total: 2
2020-04-10 16:15:32.750 [http-nio-8080-exec-3] DEBUG c.o.o.d.UserProductMapDao.queryUserProductMapCount - ==>  Preparing: SELECT count(1) FROM tb_user_product_map upm, tb_person_info buyer, tb_shop s, tb_product p, tb_person_info operator WHERE upm.user_id = buyer.user_id AND upm.shop_id = s.shop_id AND upm.product_id = p.product_id AND upm.operator_id = operator.user_id AND upm.user_id = ? AND buyer.name LIKE '%鸣哥%' 
2020-04-10 16:15:32.751 [http-nio-8080-exec-3] DEBUG c.o.o.d.UserProductMapDao.queryUserProductMapCount - ==> Parameters: 1(Long)
2020-04-10 16:15:32.754 [http-nio-8080-exec-3] DEBUG c.o.o.d.UserProductMapDao.queryUserProductMapCount - <==      Total: 1
2020-04-10 16:15:44.092 [http-nio-8080-exec-2] DEBUG c.oym.o2o.dao.UserShopMapDao.queryUserShopMapList - ==>  Preparing: SELECT usm.user_shop_id, usm.create_time, usm.point, buyer.user_id, buyer.name, s.shop_id, s.shop_name FROM tb_user_shop_map usm, tb_person_info buyer, tb_shop s WHERE usm.user_id = buyer.user_id AND usm.shop_id = s.shop_id AND usm.user_id = ? AND buyer.name LIKE '%鸣哥%' LIMIT ?,?; 
2020-04-10 16:15:44.093 [http-nio-8080-exec-2] DEBUG c.oym.o2o.dao.UserShopMapDao.queryUserShopMapList - ==> Parameters: 1(Long), 0(Integer), 10(Integer)
2020-04-10 16:15:44.097 [http-nio-8080-exec-2] DEBUG c.oym.o2o.dao.UserShopMapDao.queryUserShopMapList - <==      Total: 2
2020-04-10 16:15:44.099 [http-nio-8080-exec-2] DEBUG c.oym.o2o.dao.UserShopMapDao.queryUserShopMapCount - ==>  Preparing: SELECT count(1) FROM tb_user_shop_map usm, tb_person_info buyer, tb_shop s WHERE usm.user_id = buyer.user_id AND usm.shop_id = s.shop_id AND usm.user_id = ? AND buyer.name LIKE '%鸣哥%' 
2020-04-10 16:15:44.100 [http-nio-8080-exec-2] DEBUG c.oym.o2o.dao.UserShopMapDao.queryUserShopMapCount - ==> Parameters: 1(Long)
2020-04-10 16:15:44.102 [http-nio-8080-exec-2] DEBUG c.oym.o2o.dao.UserShopMapDao.queryUserShopMapCount - <==      Total: 1
2020-04-10 16:15:53.441 [http-nio-8080-exec-6] DEBUG c.o.o2o.dao.UserAwardMapDao.queryUserAwardMapList - ==>  Preparing: SELECT uam.user_award_id, uam.create_time, uam.used_status, uam.point, buyer.user_id, buyer.name, s.shop_id, s.shop_name, a.award_id, a.award_name, uam.operator_id AS operator_id FROM tb_user_award_map uam, tb_person_info buyer, tb_shop s, tb_award a WHERE uam.user_id = buyer.user_id AND uam.shop_id = s.shop_id AND uam.award_id = a.award_id AND uam.user_id = ? AND buyer.name LIKE '%鸣哥%' ORDER BY uam.create_time DESC LIMIT ?,?; 
2020-04-10 16:15:53.442 [http-nio-8080-exec-6] DEBUG c.o.o2o.dao.UserAwardMapDao.queryUserAwardMapList - ==> Parameters: 1(Long), 0(Integer), 10(Integer)
2020-04-10 16:15:53.451 [http-nio-8080-exec-6] DEBUG c.o.o2o.dao.UserAwardMapDao.queryUserAwardMapList - <==      Total: 2
2020-04-10 16:15:53.453 [http-nio-8080-exec-6] DEBUG c.o.o2o.dao.UserAwardMapDao.queryUserAwardMapCount - ==>  Preparing: SELECT count(1) FROM tb_user_award_map uam, tb_person_info buyer, tb_shop s, tb_award a WHERE uam.user_id = buyer.user_id AND uam.shop_id = s.shop_id AND uam.award_id = a.award_id AND uam.user_id = ? AND buyer.name LIKE '%鸣哥%' 
2020-04-10 16:15:53.454 [http-nio-8080-exec-6] DEBUG c.o.o2o.dao.UserAwardMapDao.queryUserAwardMapCount - ==> Parameters: 1(Long)
2020-04-10 16:15:53.457 [http-nio-8080-exec-6] DEBUG c.o.o2o.dao.UserAwardMapDao.queryUserAwardMapCount - <==      Total: 1
2020-04-10 16:16:53.256 [main] DEBUG com.oym.o2o.O2oApplication - Running with Spring Boot v2.2.4.RELEASE, Spring v5.2.3.RELEASE
2020-04-10 16:17:44.792 [http-nio-8080-exec-7] DEBUG c.o.o.dao.LocalAuthDao.queryLocalByUserNameAndPwd - ==>  Preparing: SELECT l.local_auth_id, l.username, l.password, l.create_time, l.last_edit_time, p.user_id, p.name, p.gender, p.email, p.profile_img, p.user_type, p.create_time, p.last_edit_time, p.enable_status FROM tb_local_auth l LEFT JOIN tb_person_info p ON l.user_id = p.user_id WHERE l.username = ? AND l.password = ? 
2020-04-10 16:17:44.821 [http-nio-8080-exec-7] DEBUG c.o.o.dao.LocalAuthDao.queryLocalByUserNameAndPwd - ==> Parameters: 123456(String), s05bse6q2qlb9qblls96s592y55y556s(String)
2020-04-10 16:17:44.843 [http-nio-8080-exec-7] DEBUG c.o.o.dao.LocalAuthDao.queryLocalByUserNameAndPwd - <==      Total: 1
2020-04-10 16:17:45.346 [http-nio-8080-exec-1] DEBUG com.oym.o2o.dao.ShopDao.queryShopList - ==>  Preparing: SELECT s.shop_id, s.shop_name, s.shop_desc, s.shop_addr, s.phone, s.shop_img, s.priority, s.create_time, s.last_edit_time, s.enable_status, s.advice, a.area_id, a.area_name, sc.shop_category_id, sc.shop_category_name FROM tb_shop s, tb_area a, tb_shop_category sc WHERE s.owner_id = ? AND s.area_id = a.area_id AND s.shop_category_id = sc.shop_category_id ORDER BY s.priority DESC LIMIT ?,?; 
2020-04-10 16:17:45.347 [http-nio-8080-exec-1] DEBUG com.oym.o2o.dao.ShopDao.queryShopList - ==> Parameters: 1(Long), 0(Integer), 100(Integer)
2020-04-10 16:17:45.358 [http-nio-8080-exec-1] DEBUG com.oym.o2o.dao.ShopDao.queryShopList - <==      Total: 7
2020-04-10 16:17:45.359 [http-nio-8080-exec-1] DEBUG com.oym.o2o.dao.ShopDao.queryShopCount - ==>  Preparing: SELECT count(1) FROM tb_shop s, tb_area a, tb_shop_category sc WHERE s.owner_id = ? AND s.area_id = a.area_id AND s.shop_category_id = sc.shop_category_id 
2020-04-10 16:17:45.360 [http-nio-8080-exec-1] DEBUG com.oym.o2o.dao.ShopDao.queryShopCount - ==> Parameters: 1(Long)
2020-04-10 16:17:45.361 [http-nio-8080-exec-1] DEBUG com.oym.o2o.dao.ShopDao.queryShopCount - <==      Total: 1
2020-04-10 16:17:48.358 [http-nio-8080-exec-9] DEBUG com.oym.o2o.dao.ShopDao.queryByShopId - ==>  Preparing: SELECT s.shop_id, s.shop_name, s.shop_desc, s.shop_addr, s.phone, s.shop_img, s.priority, s.create_time, s.last_edit_time, s.enable_status, s.advice, a.area_id, a.area_name, sc.shop_category_id, sc.shop_category_name FROM tb_shop s, tb_area a, tb_shop_category sc WHERE s.area_id = a.area_id AND s.shop_category_id = sc.shop_category_id AND s.shop_id = ? 
2020-04-10 16:17:48.359 [http-nio-8080-exec-9] DEBUG com.oym.o2o.dao.ShopDao.queryByShopId - ==> Parameters: 21(Long)
2020-04-10 16:17:48.361 [http-nio-8080-exec-9] DEBUG com.oym.o2o.dao.ShopDao.queryByShopId - <==      Total: 1
2020-04-10 16:17:50.990 [http-nio-8080-exec-3] DEBUG com.oym.o2o.dao.ProductDao.queryProductList - ==>  Preparing: SELECT product_id, product_name, product_desc, img_addr, normal_price, promotion_price, priority, point, create_time, last_edit_time, enable_status, product_category_id, shop_id FROM tb_product WHERE shop_id = ? ORDER BY priority DESC LIMIT ?,?; 
2020-04-10 16:17:50.990 [http-nio-8080-exec-3] DEBUG com.oym.o2o.dao.ProductDao.queryProductList - ==> Parameters: 21(Long), 0(Integer), 100(Integer)
2020-04-10 16:17:50.995 [http-nio-8080-exec-3] DEBUG com.oym.o2o.dao.ProductDao.queryProductList - <==      Total: 6
2020-04-10 16:17:50.997 [http-nio-8080-exec-3] DEBUG com.oym.o2o.dao.ProductDao.queryProductCount - ==>  Preparing: SELECT count(1) FROM tb_product WHERE shop_id = ? 
2020-04-10 16:17:50.997 [http-nio-8080-exec-3] DEBUG com.oym.o2o.dao.ProductDao.queryProductCount - ==> Parameters: 21(Long)
2020-04-10 16:17:50.998 [http-nio-8080-exec-3] DEBUG com.oym.o2o.dao.ProductDao.queryProductCount - <==      Total: 1
2020-04-10 16:17:53.776 [http-nio-8080-exec-7] DEBUG c.o.o.d.P.queryProductCategoryList - ==>  Preparing: SELECT product_category_id, product_category_name, priority, create_time, shop_id FROM tb_product_category WHERE shop_id = ? ORDER BY priority DESC 
2020-04-10 16:17:53.777 [http-nio-8080-exec-7] DEBUG c.o.o.d.P.queryProductCategoryList - ==> Parameters: 21(Long)
2020-04-10 16:17:53.780 [http-nio-8080-exec-7] DEBUG c.o.o.d.P.queryProductCategoryList - <==      Total: 5
2020-04-10 16:17:55.722 [http-nio-8080-exec-1] DEBUG com.oym.o2o.dao.AwardDao.queryAwardList - ==>  Preparing: SELECT award_id, award_name, award_desc, award_img, point, priority, create_time, last_edit_time, enable_status, shop_id FROM tb_award WHERE shop_id = ? ORDER BY priority DESC LIMIT ?,?; 
2020-04-10 16:17:55.723 [http-nio-8080-exec-1] DEBUG com.oym.o2o.dao.AwardDao.queryAwardList - ==> Parameters: 21(Long), 0(Integer), 9999(Integer)
2020-04-10 16:17:55.726 [http-nio-8080-exec-1] DEBUG com.oym.o2o.dao.AwardDao.queryAwardList - <==      Total: 1
2020-04-10 16:17:55.726 [http-nio-8080-exec-1] DEBUG com.oym.o2o.dao.AwardDao.queryAwardCount - ==>  Preparing: SELECT count(1) FROM tb_award WHERE shop_id = ? 
2020-04-10 16:17:55.727 [http-nio-8080-exec-1] DEBUG com.oym.o2o.dao.AwardDao.queryAwardCount - ==> Parameters: 21(Long)
2020-04-10 16:17:55.728 [http-nio-8080-exec-1] DEBUG com.oym.o2o.dao.AwardDao.queryAwardCount - <==      Total: 1
2020-04-10 16:18:00.105 [http-nio-8080-exec-6] DEBUG c.o.o.d.P.queryProductSellDailyList - ==>  Preparing: SELECT psd.product_sell_daily_id, psd.create_time, psd.total, s.shop_id, s.shop_name, p.product_id, p.product_name FROM tb_product_sell_daily psd, tb_shop s, tb_product p WHERE psd.shop_id = s.shop_id AND psd.product_id = p.product_id AND psd.shop_id = ? AND date_format(psd.create_time,'%Y-%m-%d') BETWEEN date_format(?,'%Y-%m-%d') AND date_format(?,'%Y-%m-%d') ORDER BY psd.product_id, psd.create_time 
2020-04-10 16:18:00.108 [http-nio-8080-exec-7] DEBUG c.o.o.d.UserProductMapDao.queryUserProductMapList - ==>  Preparing: SELECT upm.user_product_id, upm.create_time, upm.point, buyer.user_id, buyer.name, s.shop_id, s.shop_name, p.product_id, p.product_name, operator.user_id AS operator_id, operator.name AS operator_name FROM tb_user_product_map upm, tb_person_info buyer, tb_shop s, tb_product p, tb_person_info operator WHERE upm.user_id = buyer.user_id AND upm.shop_id = s.shop_id AND upm.product_id = p.product_id AND upm.operator_id = operator.user_id AND upm.shop_id = ? ORDER BY upm.create_time DESC LIMIT ?,?; 
2020-04-10 16:18:00.108 [http-nio-8080-exec-6] DEBUG c.o.o.d.P.queryProductSellDailyList - ==> Parameters: 21(Long), 2020-04-03 16:18:00.099(Timestamp), 2020-04-09 16:18:00.099(Timestamp)
2020-04-10 16:18:00.108 [http-nio-8080-exec-7] DEBUG c.o.o.d.UserProductMapDao.queryUserProductMapList - ==> Parameters: 21(Long), 0(Integer), 9999(Integer)
2020-04-10 16:18:00.113 [http-nio-8080-exec-7] DEBUG c.o.o.d.UserProductMapDao.queryUserProductMapList - <==      Total: 2
2020-04-10 16:18:00.114 [http-nio-8080-exec-7] DEBUG c.o.o.d.UserProductMapDao.queryUserProductMapCount - ==>  Preparing: SELECT count(1) FROM tb_user_product_map upm, tb_person_info buyer, tb_shop s, tb_product p, tb_person_info operator WHERE upm.user_id = buyer.user_id AND upm.shop_id = s.shop_id AND upm.product_id = p.product_id AND upm.operator_id = operator.user_id AND upm.shop_id = ? 
2020-04-10 16:18:00.115 [http-nio-8080-exec-7] DEBUG c.o.o.d.UserProductMapDao.queryUserProductMapCount - ==> Parameters: 21(Long)
2020-04-10 16:18:00.116 [http-nio-8080-exec-7] DEBUG c.o.o.d.UserProductMapDao.queryUserProductMapCount - <==      Total: 1
2020-04-10 16:18:00.117 [http-nio-8080-exec-6] DEBUG c.o.o.d.P.queryProductSellDailyList - <==      Total: 6
2020-04-10 16:18:03.742 [http-nio-8080-exec-1] DEBUG c.o.o.d.U.queryReceivedUserAwardMapList - ==>  Preparing: SELECT uam.user_award_id, uam.create_time, uam.used_status, uam.point, buyer.user_id, buyer.name, s.shop_id, s.shop_name, a.award_id, a.award_name, operator.user_id AS operator_id, operator.name AS operator_name FROM tb_user_award_map uam, tb_person_info buyer, tb_shop s, tb_award a, tb_person_info operator WHERE uam.user_id = buyer.user_id AND uam.shop_id = s.shop_id AND uam.award_id = a.award_id AND uam.operator_id = operator.user_id ORDER BY uam.create_time DESC LIMIT ?,?; 
2020-04-10 16:18:03.742 [http-nio-8080-exec-1] DEBUG c.o.o.d.U.queryReceivedUserAwardMapList - ==> Parameters: 0(Integer), 9999(Integer)
2020-04-10 16:18:03.746 [http-nio-8080-exec-1] DEBUG c.o.o.d.U.queryReceivedUserAwardMapList - <==      Total: 2
2020-04-10 16:18:03.751 [http-nio-8080-exec-1] DEBUG c.o.o2o.dao.UserAwardMapDao.queryUserAwardMapCount - ==>  Preparing: SELECT count(1) FROM tb_user_award_map uam, tb_person_info buyer, tb_shop s, tb_award a WHERE uam.user_id = buyer.user_id AND uam.shop_id = s.shop_id AND uam.award_id = a.award_id AND uam.shop_id = ? 
2020-04-10 16:18:03.751 [http-nio-8080-exec-1] DEBUG c.o.o2o.dao.UserAwardMapDao.queryUserAwardMapCount - ==> Parameters: 21(Long)
2020-04-10 16:18:03.757 [http-nio-8080-exec-1] DEBUG c.o.o2o.dao.UserAwardMapDao.queryUserAwardMapCount - <==      Total: 1
2020-04-10 16:23:11.375 [http-nio-8080-exec-4] DEBUG c.o.o.d.U.queryReceivedUserAwardMapList - ==>  Preparing: SELECT uam.user_award_id, uam.create_time, uam.used_status, uam.point, buyer.user_id, buyer.name, s.shop_id, s.shop_name, a.award_id, a.award_name, operator.user_id AS operator_id, operator.name AS operator_name FROM tb_user_award_map uam, tb_person_info buyer, tb_shop s, tb_award a, tb_person_info operator WHERE uam.user_id = buyer.user_id AND uam.shop_id = s.shop_id AND uam.award_id = a.award_id AND uam.operator_id = operator.user_id ORDER BY uam.create_time DESC LIMIT ?,?; 
2020-04-10 16:23:11.376 [http-nio-8080-exec-4] DEBUG c.o.o.d.U.queryReceivedUserAwardMapList - ==> Parameters: 0(Integer), 9999(Integer)
2020-04-10 16:23:11.380 [http-nio-8080-exec-4] DEBUG c.o.o.d.U.queryReceivedUserAwardMapList - <==      Total: 2
2020-04-10 16:23:11.382 [http-nio-8080-exec-4] DEBUG c.o.o2o.dao.UserAwardMapDao.queryUserAwardMapCount - ==>  Preparing: SELECT count(1) FROM tb_user_award_map uam, tb_person_info buyer, tb_shop s, tb_award a WHERE uam.user_id = buyer.user_id AND uam.shop_id = s.shop_id AND uam.award_id = a.award_id AND uam.shop_id = ? 
2020-04-10 16:23:11.383 [http-nio-8080-exec-4] DEBUG c.o.o2o.dao.UserAwardMapDao.queryUserAwardMapCount - ==> Parameters: 21(Long)
2020-04-10 16:23:11.386 [http-nio-8080-exec-4] DEBUG c.o.o2o.dao.UserAwardMapDao.queryUserAwardMapCount - <==      Total: 1
2020-04-10 16:23:17.291 [http-nio-8080-exec-8] DEBUG com.oym.o2o.dao.ProductDao.queryProductList - ==>  Preparing: SELECT product_id, product_name, product_desc, img_addr, normal_price, promotion_price, priority, point, create_time, last_edit_time, enable_status, product_category_id, shop_id FROM tb_product WHERE shop_id = ? ORDER BY priority DESC LIMIT ?,?; 
2020-04-10 16:23:17.292 [http-nio-8080-exec-8] DEBUG com.oym.o2o.dao.ProductDao.queryProductList - ==> Parameters: 21(Long), 0(Integer), 100(Integer)
2020-04-10 16:23:17.297 [http-nio-8080-exec-8] DEBUG com.oym.o2o.dao.ProductDao.queryProductList - <==      Total: 6
2020-04-10 16:23:17.298 [http-nio-8080-exec-8] DEBUG com.oym.o2o.dao.ProductDao.queryProductCount - ==>  Preparing: SELECT count(1) FROM tb_product WHERE shop_id = ? 
2020-04-10 16:23:17.298 [http-nio-8080-exec-8] DEBUG com.oym.o2o.dao.ProductDao.queryProductCount - ==> Parameters: 21(Long)
2020-04-10 16:23:17.299 [http-nio-8080-exec-8] DEBUG com.oym.o2o.dao.ProductDao.queryProductCount - <==      Total: 1
2020-04-10 16:25:48.512 [http-nio-8080-exec-8] DEBUG c.o.o.d.S.queryShopAuthMapListByShopId - ==>  Preparing: SELECT smap.shop_auth_id, smap.title, smap.title_flag, smap.create_time, smap.last_edit_time, smap.enable_status, p.user_id, p.name, s.shop_id, s.shop_name FROM tb_shop_auth_map smap, tb_person_info p, tb_shop s WHERE smap.employee_id = p.user_id AND smap.shop_id = s.shop_id AND smap.shop_id = ? LIMIT ?,?; 
2020-04-10 16:25:48.514 [http-nio-8080-exec-8] DEBUG c.o.o.d.S.queryShopAuthMapListByShopId - ==> Parameters: 21(Long), 0(Integer), 9999(Integer)
2020-04-10 16:25:48.518 [http-nio-8080-exec-8] DEBUG c.o.o.d.S.queryShopAuthMapListByShopId - <==      Total: 2
2020-04-10 16:25:48.519 [http-nio-8080-exec-8] DEBUG c.o.o.d.ShopAuthMapDao.queryShopAuthCountByShopId - ==>  Preparing: SELECT count(1) FROM tb_shop_auth_map smap, tb_person_info p, tb_shop s WHERE smap.employee_id = p.user_id AND smap.shop_id = s.shop_id AND smap.shop_id = ? 
2020-04-10 16:25:48.520 [http-nio-8080-exec-8] DEBUG c.o.o.d.ShopAuthMapDao.queryShopAuthCountByShopId - ==> Parameters: 21(Long)
2020-04-10 16:25:48.523 [http-nio-8080-exec-8] DEBUG c.o.o.d.ShopAuthMapDao.queryShopAuthCountByShopId - <==      Total: 1
2020-04-10 16:25:52.927 [http-nio-8080-exec-9] DEBUG com.oym.o2o.dao.ShopDao.queryShopList - ==>  Preparing: SELECT s.shop_id, s.shop_name, s.shop_desc, s.shop_addr, s.phone, s.shop_img, s.priority, s.create_time, s.last_edit_time, s.enable_status, s.advice, a.area_id, a.area_name, sc.shop_category_id, sc.shop_category_name FROM tb_shop s, tb_area a, tb_shop_category sc WHERE s.owner_id = ? AND s.area_id = a.area_id AND s.shop_category_id = sc.shop_category_id ORDER BY s.priority DESC LIMIT ?,?; 
2020-04-10 16:25:52.928 [http-nio-8080-exec-9] DEBUG com.oym.o2o.dao.ShopDao.queryShopList - ==> Parameters: 1(Long), 0(Integer), 100(Integer)
2020-04-10 16:25:52.935 [http-nio-8080-exec-9] DEBUG com.oym.o2o.dao.ShopDao.queryShopList - <==      Total: 7
2020-04-10 16:25:52.936 [http-nio-8080-exec-9] DEBUG com.oym.o2o.dao.ShopDao.queryShopCount - ==>  Preparing: SELECT count(1) FROM tb_shop s, tb_area a, tb_shop_category sc WHERE s.owner_id = ? AND s.area_id = a.area_id AND s.shop_category_id = sc.shop_category_id 
2020-04-10 16:25:52.936 [http-nio-8080-exec-9] DEBUG com.oym.o2o.dao.ShopDao.queryShopCount - ==> Parameters: 1(Long)
2020-04-10 16:25:52.938 [http-nio-8080-exec-9] DEBUG com.oym.o2o.dao.ShopDao.queryShopCount - <==      Total: 1
2020-04-10 16:27:55.675 [http-nio-8080-exec-8] DEBUG com.oym.o2o.dao.ShopDao.queryShopList - ==>  Preparing: SELECT s.shop_id, s.shop_name, s.shop_desc, s.shop_addr, s.phone, s.shop_img, s.priority, s.create_time, s.last_edit_time, s.enable_status, s.advice, a.area_id, a.area_name, sc.shop_category_id, sc.shop_category_name FROM tb_shop s, tb_area a, tb_shop_category sc WHERE s.shop_category_id IN (SELECT shop_category_id FROM tb_shop_category WHERE parent_id = ?) AND s.enable_status = ? AND s.area_id = a.area_id AND s.shop_category_id = sc.shop_category_id ORDER BY s.priority DESC LIMIT ?,?; 
2020-04-10 16:27:55.676 [http-nio-8080-exec-8] DEBUG com.oym.o2o.dao.ShopDao.queryShopList - ==> Parameters: 1(Long), 1(Integer), 0(Integer), 4(Integer)
2020-04-10 16:27:55.683 [http-nio-8080-exec-8] DEBUG com.oym.o2o.dao.ShopDao.queryShopList - <==      Total: 2
2020-04-10 16:27:55.685 [http-nio-8080-exec-8] DEBUG com.oym.o2o.dao.ShopDao.queryShopCount - ==>  Preparing: SELECT count(1) FROM tb_shop s, tb_area a, tb_shop_category sc WHERE s.shop_category_id IN (SELECT shop_category_id FROM tb_shop_category WHERE parent_id = ?) AND s.enable_status = ? AND s.area_id = a.area_id AND s.shop_category_id = sc.shop_category_id 
2020-04-10 16:27:55.685 [http-nio-8080-exec-8] DEBUG com.oym.o2o.dao.ShopDao.queryShopCount - ==> Parameters: 1(Long), 1(Integer)
2020-04-10 16:27:55.687 [http-nio-8080-exec-8] DEBUG com.oym.o2o.dao.ShopDao.queryShopCount - <==      Total: 1
2020-04-10 16:28:05.131 [http-nio-8080-exec-9] DEBUG com.oym.o2o.dao.ShopDao.queryByShopId - ==>  Preparing: SELECT s.shop_id, s.shop_name, s.shop_desc, s.shop_addr, s.phone, s.shop_img, s.priority, s.create_time, s.last_edit_time, s.enable_status, s.advice, a.area_id, a.area_name, sc.shop_category_id, sc.shop_category_name FROM tb_shop s, tb_area a, tb_shop_category sc WHERE s.area_id = a.area_id AND s.shop_category_id = sc.shop_category_id AND s.shop_id = ? 
2020-04-10 16:28:05.131 [http-nio-8080-exec-9] DEBUG com.oym.o2o.dao.ShopDao.queryByShopId - ==> Parameters: 21(Long)
2020-04-10 16:28:05.132 [http-nio-8080-exec-10] DEBUG com.oym.o2o.dao.ProductDao.queryProductList - ==>  Preparing: SELECT product_id, product_name, product_desc, img_addr, normal_price, promotion_price, priority, point, create_time, last_edit_time, enable_status, product_category_id, shop_id FROM tb_product WHERE shop_id = ? AND enable_status = ? ORDER BY priority DESC LIMIT ?,?; 
2020-04-10 16:28:05.133 [http-nio-8080-exec-10] DEBUG com.oym.o2o.dao.ProductDao.queryProductList - ==> Parameters: 21(Long), 1(Integer), 0(Integer), 3(Integer)
2020-04-10 16:28:05.133 [http-nio-8080-exec-9] DEBUG com.oym.o2o.dao.ShopDao.queryByShopId - <==      Total: 1
2020-04-10 16:28:05.134 [http-nio-8080-exec-9] DEBUG c.o.o.d.P.queryProductCategoryList - ==>  Preparing: SELECT product_category_id, product_category_name, priority, create_time, shop_id FROM tb_product_category WHERE shop_id = ? ORDER BY priority DESC 
2020-04-10 16:28:05.134 [http-nio-8080-exec-9] DEBUG c.o.o.d.P.queryProductCategoryList - ==> Parameters: 21(Long)
2020-04-10 16:28:05.135 [http-nio-8080-exec-10] DEBUG com.oym.o2o.dao.ProductDao.queryProductList - <==      Total: 3
2020-04-10 16:28:05.136 [http-nio-8080-exec-10] DEBUG com.oym.o2o.dao.ProductDao.queryProductCount - ==>  Preparing: SELECT count(1) FROM tb_product WHERE shop_id = ? AND enable_status = ? 
2020-04-10 16:28:05.137 [http-nio-8080-exec-9] DEBUG c.o.o.d.P.queryProductCategoryList - <==      Total: 5
2020-04-10 16:28:05.137 [http-nio-8080-exec-10] DEBUG com.oym.o2o.dao.ProductDao.queryProductCount - ==> Parameters: 21(Long), 1(Integer)
2020-04-10 16:28:05.138 [http-nio-8080-exec-10] DEBUG com.oym.o2o.dao.ProductDao.queryProductCount - <==      Total: 1
2020-04-10 16:28:16.730 [http-nio-8080-exec-1] DEBUG com.oym.o2o.dao.ProductDao.queryProductById - ==>  Preparing: SELECT p.product_id, p.product_name, p.product_desc, p.img_addr, p.normal_price, p.promotion_price, p.priority, p.point, p.create_time, p.last_edit_time, p.enable_status, p.product_category_id, p.shop_id, pm.product_img_id, pm.img_addr AS detail_img, pm.img_desc, pm.priority, pm.create_time FROM tb_product p LEFT JOIN tb_product_img pm ON p.product_id = pm.product_id WHERE p.product_id = ? ORDER BY pm.priority DESC 
2020-04-10 16:28:16.730 [http-nio-8080-exec-1] DEBUG com.oym.o2o.dao.ProductDao.queryProductById - ==> Parameters: 5(Long)
2020-04-10 16:28:16.737 [http-nio-8080-exec-1] DEBUG com.oym.o2o.dao.ProductDao.queryProductById - <==      Total: 2
2020-04-10 16:28:29.570 [http-nio-8080-exec-5] DEBUG com.oym.o2o.dao.AwardDao.queryAwardList - ==>  Preparing: SELECT award_id, award_name, award_desc, award_img, point, priority, create_time, last_edit_time, enable_status, shop_id FROM tb_award WHERE shop_id = ? AND enable_status = ? ORDER BY priority DESC LIMIT ?,?; 
2020-04-10 16:28:29.571 [http-nio-8080-exec-5] DEBUG com.oym.o2o.dao.AwardDao.queryAwardList - ==> Parameters: 21(Long), 1(Integer), 0(Integer), 10(Integer)
2020-04-10 16:28:29.573 [http-nio-8080-exec-5] DEBUG com.oym.o2o.dao.AwardDao.queryAwardList - <==      Total: 1
2020-04-10 16:28:29.575 [http-nio-8080-exec-5] DEBUG com.oym.o2o.dao.AwardDao.queryAwardCount - ==>  Preparing: SELECT count(1) FROM tb_award WHERE shop_id = ? AND enable_status = ? 
2020-04-10 16:28:29.575 [http-nio-8080-exec-5] DEBUG com.oym.o2o.dao.AwardDao.queryAwardCount - ==> Parameters: 21(Long), 1(Integer)
2020-04-10 16:28:29.577 [http-nio-8080-exec-5] DEBUG com.oym.o2o.dao.AwardDao.queryAwardCount - <==      Total: 1
2020-04-10 16:28:29.577 [http-nio-8080-exec-5] DEBUG com.oym.o2o.dao.UserShopMapDao.queryUserShopMap - ==>  Preparing: SELECT usm.user_shop_id, usm.create_time, usm.point, buyer.user_id, buyer.name, s.shop_id, s.shop_name FROM tb_user_shop_map usm, tb_person_info buyer, tb_shop s WHERE usm.user_id = buyer.user_id AND usm.shop_id = s.shop_id AND usm.user_id = ? AND usm.shop_id = ? 
2020-04-10 16:28:29.578 [http-nio-8080-exec-5] DEBUG com.oym.o2o.dao.UserShopMapDao.queryUserShopMap - ==> Parameters: 1(Long), 21(Long)
2020-04-10 16:28:29.581 [http-nio-8080-exec-5] DEBUG com.oym.o2o.dao.UserShopMapDao.queryUserShopMap - <==      Total: 1
